<?xml version="1.0" encoding="UTF-8"?>
<!-- Generated by org.testng.reporters.JUnitXMLReporter -->
<testsuite hostname="DESKTOP-L9LHJVH" ignored="0" name="Surefire test" tests="8" failures="4" timestamp="02 Jun 2022 07:51:14 GMT" time="0.199" errors="0">
  <testcase name="HomeTest" time="0.036" classname="HPE.B2BRESTAPI.RegressionTest"/>
  <testcase name="copyquoteTest" time="0.002" classname="HPE.B2BRESTAPI.RegressionTest">
    <failure type="java.lang.AssertionError" message="expected [true] but found [false]">
      <![CDATA[java.lang.AssertionError: expected [true] but found [false]
at HPE.B2BRESTAPI.RegressionTest.copyquoteTest(RegressionTest.java:52)
... Removed 33 stack frames]]>
    </failure>
  </testcase> <!-- copyquoteTest -->
  <testcase name="loginTest" time="0.001" classname="HPE.B2BRESTAPI.RegressionTest"/>
  <testcase name="myAccountTest" time="0.0" classname="HPE.B2BRESTAPI.RegressionTest"/>
  <testcase name="purchaseOrderTest" time="0.001" classname="HPE.B2BRESTAPI.RegressionTest"/>
  <testcase name="purchaseRequestTest" time="0.001" classname="HPE.B2BRESTAPI.RegressionTest">
    <failure type="java.lang.AssertionError" message="expected [true] but found [false]">
      <![CDATA[java.lang.AssertionError: expected [true] but found [false]
at HPE.B2BRESTAPI.RegressionTest.purchaseRequestTest(RegressionTest.java:34)
... Removed 33 stack frames]]>
    </failure>
  </testcase> <!-- purchaseRequestTest -->
  <testcase name="purchaseTest" time="0.001" classname="HPE.B2BRESTAPI.RegressionTest">
    <failure type="java.lang.AssertionError" message="expected [true] but found [false]">
      <![CDATA[java.lang.AssertionError: expected [true] but found [false]
at HPE.B2BRESTAPI.RegressionTest.purchaseTest(RegressionTest.java:40)
... Removed 33 stack frames]]>
    </failure>
  </testcase> <!-- purchaseTest -->
  <testcase name="quoteTest" time="0.0" classname="HPE.B2BRESTAPI.RegressionTest">
    <failure type="java.lang.AssertionError" message="expected [true] but found [false]">
      <![CDATA[java.lang.AssertionError: expected [true] but found [false]
at HPE.B2BRESTAPI.RegressionTest.quoteTest(RegressionTest.java:46)
... Removed 33 stack frames]]>
    </failure>
  </testcase> <!-- quoteTest -->
</testsuite> <!-- Surefire test -->
