<?xml version="1.0" encoding="UTF-8"?>
<!-- Generated by org.testng.reporters.JUnitXMLReporter -->
<testsuite hostname="DESKTOP-L9LHJVH" ignored="0" name="Test" tests="12" failures="5" timestamp="02 Jun 2022 07:11:51 GMT" time="0.5" errors="0">
  <testcase name="HomeTest" time="0.067" classname="HPE.B2BRESTAPI.SmokeTest"/>
  <testcase name="loginTest" time="0.007" classname="HPE.B2BRESTAPI.SmokeTest"/>
  <testcase name="myAccountTest" time="0.007" classname="HPE.B2BRESTAPI.SmokeTest"/>
  <testcase name="purchaseOrderTest" time="0.01" classname="HPE.B2BRESTAPI.SmokeTest">
    <failure type="java.lang.AssertionError" message="expected [true] but found [false]">
      <![CDATA[java.lang.AssertionError: expected [true] but found [false]
at HPE.B2BRESTAPI.SmokeTest.purchaseOrderTest(SmokeTest.java:27)
... Removed 29 stack frames]]>
    </failure>
  </testcase> <!-- purchaseOrderTest -->
  <testcase name="HomeTest" time="0.004" classname="HPE.B2BRESTAPI.RegressionTest"/>
  <testcase name="copyquoteTest" time="0.026" classname="HPE.B2BRESTAPI.RegressionTest">
    <failure type="java.lang.AssertionError" message="expected [true] but found [false]">
      <![CDATA[java.lang.AssertionError: expected [true] but found [false]
at HPE.B2BRESTAPI.RegressionTest.copyquoteTest(RegressionTest.java:52)
... Removed 29 stack frames]]>
    </failure>
  </testcase> <!-- copyquoteTest -->
  <testcase name="loginTest" time="0.015" classname="HPE.B2BRESTAPI.RegressionTest"/>
  <testcase name="myAccountTest" time="0.012" classname="HPE.B2BRESTAPI.RegressionTest"/>
  <testcase name="purchaseOrderTest" time="0.015" classname="HPE.B2BRESTAPI.RegressionTest"/>
  <testcase name="purchaseRequestTest" time="0.002" classname="HPE.B2BRESTAPI.RegressionTest">
    <failure type="java.lang.AssertionError" message="expected [true] but found [false]">
      <![CDATA[java.lang.AssertionError: expected [true] but found [false]
at HPE.B2BRESTAPI.RegressionTest.purchaseRequestTest(RegressionTest.java:34)
... Removed 29 stack frames]]>
    </failure>
  </testcase> <!-- purchaseRequestTest -->
  <testcase name="purchaseTest" time="0.005" classname="HPE.B2BRESTAPI.RegressionTest">
    <failure type="java.lang.AssertionError" message="expected [true] but found [false]">
      <![CDATA[java.lang.AssertionError: expected [true] but found [false]
at HPE.B2BRESTAPI.RegressionTest.purchaseTest(RegressionTest.java:40)
... Removed 29 stack frames]]>
    </failure>
  </testcase> <!-- purchaseTest -->
  <testcase name="quoteTest" time="0.004" classname="HPE.B2BRESTAPI.RegressionTest">
    <failure type="java.lang.AssertionError" message="expected [true] but found [false]">
      <![CDATA[java.lang.AssertionError: expected [true] but found [false]
at HPE.B2BRESTAPI.RegressionTest.quoteTest(RegressionTest.java:46)
... Removed 29 stack frames]]>
    </failure>
  </testcase> <!-- quoteTest -->
</testsuite> <!-- Test -->
